<?xml version="1.0" encoding="UTF-8"?>
<!-- Generated by org.testng.reporters.JUnitReportReporter -->
<testsuite hostname="LAPTOP-Q28PCJR2" failures="0" tests="8" name="LoginPageTest" time="57.009" errors="0" timestamp="2023-12-27T17:36:46 IST" skipped="0">
  <testcase classname="LoginPageTest" name="loginPageUiTest" time="8.145"/>
  <testcase classname="LoginPageTest" name="loginWithEmptyInputs" time="8.870"/>
  <testcase classname="LoginPageTest" name="loginWithEmptyUsername" time="4.613"/>
  <testcase classname="LoginPageTest" name="loginWithEmptyPassword" time="6.094"/>
  <testcase classname="LoginPageTest" name="loginWithInvalidUsername" time="7.221"/>
  <testcase classname="LoginPageTest" name="loginWithInvalidPassword" time="7.248"/>
  <testcase classname="LoginPageTest" name="loginWithInvalidCreds" time="7.095"/>
  <testcase classname="LoginPageTest" name="loginWithValidCreds" time="7.723"/>
</testsuite> <!-- LoginPageTest -->
