<?xml version="1.0" encoding="UTF-8"?>
<!-- Generated by org.testng.reporters.JUnitReportReporter -->
<testsuite hostname="LAPTOP-Q28PCJR2" failures="0" tests="2" name="MovieDetailsPageTest" time="19.899" errors="0" timestamp="2023-12-27T17:36:46 IST" skipped="0">
  <testcase classname="MovieDetailsPageTest" name="popularMovieDetailsUiTest" time="10.559"/>
  <testcase classname="MovieDetailsPageTest" name="homeMovieDetailsUiTest" time="9.340"/>
</testsuite> <!-- MovieDetailsPageTest -->
