<?xml version="1.0" encoding="UTF-8"?>
<!-- Generated by org.testng.reporters.JUnitReportReporter -->
<testsuite hostname="LAPTOP-Q28PCJR2" failures="0" tests="2" name="AccountPageTest" time="19.579" errors="0" timestamp="2023-12-27T17:36:46 IST" skipped="0">
  <testcase classname="AccountPageTest" name="accountPageUiTest" time="10.047"/>
  <testcase classname="AccountPageTest" name="logoutFunctionalityTest" time="9.532"/>
</testsuite> <!-- AccountPageTest -->
