<?xml version="1.0" encoding="UTF-8"?>
<!-- Generated by org.testng.reporters.JUnitReportReporter -->
<testsuite hostname="LAPTOP-Q28PCJR2" failures="0" tests="2" name="HeaderSectionPageTest" time="23.519" errors="0" timestamp="2023-12-27T17:36:46 IST" skipped="0">
  <testcase classname="HeaderSectionPageTest" name="HeaderSectionUiTest" time="7.812"/>
  <testcase classname="HeaderSectionPageTest" name="HeaderSectionFunctionalityTest" time="15.707"/>
</testsuite> <!-- HeaderSectionPageTest -->
