<?xml version="1.0" encoding="UTF-8"?>
<!-- Generated by org.testng.reporters.JUnitReportReporter -->
<testsuite hostname="LAPTOP-Q28PCJR2" failures="0" tests="7" name="HomePageTest" time="44.643" errors="0" timestamp="2023-12-27T17:36:46 IST" skipped="0">
  <testcase classname="HomePageTest" name="verifyHomeText" time="6.186"/>
  <testcase classname="HomePageTest" name="verifyHomeMovieHeadingAndDesc" time="7.022"/>
  <testcase classname="HomePageTest" name="verifyIsPlayBtnDisplay" time="5.796"/>
  <testcase classname="HomePageTest" name="verifyHeadingTextOfEachSection" time="7.760"/>
  <testcase classname="HomePageTest" name="verifyMoviesListInMoviesSection" time="5.763"/>
  <testcase classname="HomePageTest" name="verifyContactUsIcons" time="5.698"/>
  <testcase classname="HomePageTest" name="verifyContactUsText" time="6.418"/>
</testsuite> <!-- HomePageTest -->
