<?xml version="1.0" encoding="UTF-8"?>
<!-- Generated by org.testng.reporters.JUnitReportReporter -->
<testsuite hostname="LAPTOP-Q28PCJR2" failures="0" tests="1" name="PopularPageTest" time="14.212" errors="0" timestamp="2023-12-27T17:36:46 IST" skipped="0">
  <testcase classname="PopularPageTest" name="verifyMoviesDisplayed" time="14.212"/>
</testsuite> <!-- PopularPageTest -->
