<?xml version="1.0" encoding="UTF-8"?>
<!-- Generated by org.testng.reporters.JUnitReportReporter -->
<testsuite hostname="LAPTOP-Q28PCJR2" failures="0" tests="2" name="SearchPageTest" time="18.661" errors="0" timestamp="2023-12-27T17:36:46 IST" skipped="0">
  <testcase classname="SearchPageTest" name="searchFunctionalityTest1" time="9.293"/>
  <testcase classname="SearchPageTest" name="searchFunctionalityTest2" time="9.368"/>
</testsuite> <!-- SearchPageTest -->
